This file contains any messages produced by compilers while
running configure, to aid debugging if configure makes a mistake.

It was created by configure, which was
generated by GNU Autoconf 2.69.  Invocation command line was

  $ ./configure 

## --------- ##
## Platform. ##
## --------- ##

hostname = natanyel-X450CA
uname -m = x86_64
uname -r = 5.4.0-91-generic
uname -s = Linux
uname -v = #102-Ubuntu SMP Fri Nov 5 16:31:28 UTC 2021

/usr/bin/uname -p = x86_64
/bin/uname -X     = unknown

/bin/arch              = x86_64
/usr/bin/arch -k       = unknown
/usr/convex/getsysinfo = unknown
/usr/bin/hostinfo      = unknown
/bin/machine           = unknown
/usr/bin/oslevel       = unknown
/bin/universe          = unknown

PATH: /opt/gradle/bin
PATH: /usr/local/sbin
PATH: /usr/local/bin
PATH: /usr/sbin
PATH: /usr/bin
PATH: /sbin
PATH: /bin
PATH: /usr/games
PATH: /usr/local/games
PATH: /snap/bin


## ----------- ##
## Core tests. ##
## ----------- ##

configure:2543: checking for grep that handles long lines and -e
configure:2601: result: /usr/bin/grep
configure:2606: checking for egrep
configure:2668: result: /usr/bin/grep -E
configure:2673: checking for a sed that does not truncate output
configure:2737: result: /usr/bin/sed
configure:2876: checking for pkg-config
configure:2894: found /usr/bin/pkg-config
configure:2906: result: /usr/bin/pkg-config
configure:2931: checking pkg-config is at least version 0.9.0
configure:2934: result: yes
configure:2996: checking for cc
configure:3012: found /usr/bin/cc
configure:3023: result: cc
configure:3054: checking for C compiler version
configure:3063: cc --version >&5
cc (Ubuntu 9.3.0-17ubuntu1~20.04) 9.3.0
Copyright (C) 2019 Free Software Foundation, Inc.
This is free software; see the source for copying conditions.  There is NO
warranty; not even for MERCHANTABILITY or FITNESS FOR A PARTICULAR PURPOSE.

configure:3074: $? = 0
configure:3063: cc -v >&5
Using built-in specs.
COLLECT_GCC=cc
COLLECT_LTO_WRAPPER=/usr/lib/gcc/x86_64-linux-gnu/9/lto-wrapper
OFFLOAD_TARGET_NAMES=nvptx-none:hsa
OFFLOAD_TARGET_DEFAULT=1
Target: x86_64-linux-gnu
Configured with: ../src/configure -v --with-pkgversion='Ubuntu 9.3.0-17ubuntu1~20.04' --with-bugurl=file:///usr/share/doc/gcc-9/README.Bugs --enable-languages=c,ada,c++,go,brig,d,fortran,objc,obj-c++,gm2 --prefix=/usr --with-gcc-major-version-only --program-suffix=-9 --program-prefix=x86_64-linux-gnu- --enable-shared --enable-linker-build-id --libexecdir=/usr/lib --without-included-gettext --enable-threads=posix --libdir=/usr/lib --enable-nls --enable-clocale=gnu --enable-libstdcxx-debug --enable-libstdcxx-time=yes --with-default-libstdcxx-abi=new --enable-gnu-unique-object --disable-vtable-verify --enable-plugin --enable-default-pie --with-system-zlib --with-target-system-zlib=auto --enable-objc-gc=auto --enable-multiarch --disable-werror --with-arch-32=i686 --with-abi=m64 --with-multilib-list=m32,m64,mx32 --enable-multilib --with-tune=generic --enable-offload-targets=nvptx-none=/build/gcc-9-HskZEa/gcc-9-9.3.0/debian/tmp-nvptx/usr,hsa --without-cuda-driver --enable-checking=release --build=x86_64-linux-gnu --host=x86_64-linux-gnu --target=x86_64-linux-gnu
Thread model: posix
gcc version 9.3.0 (Ubuntu 9.3.0-17ubuntu1~20.04) 
configure:3074: $? = 0
configure:3063: cc -V >&5
cc: error: unrecognized command line option '-V'
cc: fatal error: no input files
compilation terminated.
configure:3074: $? = 1
configure:3063: cc -qversion >&5
cc: error: unrecognized command line option '-qversion'; did you mean '--version'?
cc: fatal error: no input files
compilation terminated.
configure:3074: $? = 1
configure:3094: checking whether the C compiler works
configure:3116: cc    conftest.c  >&5
configure:3120: $? = 0
configure:3168: result: yes
configure:3171: checking for C compiler default output file name
configure:3173: result: a.out
configure:3179: checking for suffix of executables
configure:3186: cc -o conftest    conftest.c  >&5
configure:3190: $? = 0
configure:3212: result: 
configure:3234: checking whether we are cross compiling
configure:3242: cc -o conftest    conftest.c  >&5
configure:3246: $? = 0
configure:3253: ./conftest
configure:3257: $? = 0
configure:3245: result: no
configure:3250: checking for suffix of object files
configure:3272: cc -c   conftest.c >&5
configure:3276: $? = 0
configure:3297: result: o
configure:3301: checking whether we are using the GNU C compiler
configure:3320: cc -c   conftest.c >&5
configure:3320: $? = 0
configure:3329: result: yes
configure:3338: checking whether cc accepts -g
configure:3358: cc -c -g  conftest.c >&5
configure:3358: $? = 0
configure:3399: result: yes
configure:3416: checking for cc option to accept ISO C89
configure:3479: cc  -c -g -O2  conftest.c >&5
configure:3479: $? = 0
configure:3492: result: none needed
configure:3518: checking how to run the C preprocessor
configure:3549: cc -E  conftest.c
configure:3549: $? = 0
configure:3563: cc -E  conftest.c
conftest.c:9:10: fatal error: ac_nonexistent.h: No such file or directory
    9 | #include <ac_nonexistent.h>
      |          ^~~~~~~~~~~~~~~~~~
compilation terminated.
configure:3563: $? = 1
configure: failed program was:
| /* confdefs.h */
| #define PACKAGE_NAME ""
| #define PACKAGE_TARNAME ""
| #define PACKAGE_VERSION ""
| #define PACKAGE_STRING ""
| #define PACKAGE_BUGREPORT ""
| #define PACKAGE_URL ""
| /* end confdefs.h.  */
| #include <ac_nonexistent.h>
configure:3588: result: cc -E
configure:3608: cc -E  conftest.c
configure:3608: $? = 0
configure:3622: cc -E  conftest.c
conftest.c:9:10: fatal error: ac_nonexistent.h: No such file or directory
    9 | #include <ac_nonexistent.h>
      |          ^~~~~~~~~~~~~~~~~~
compilation terminated.
configure:3622: $? = 1
configure: failed program was:
| /* confdefs.h */
| #define PACKAGE_NAME ""
| #define PACKAGE_TARNAME ""
| #define PACKAGE_VERSION ""
| #define PACKAGE_STRING ""
| #define PACKAGE_BUGREPORT ""
| #define PACKAGE_URL ""
| /* end confdefs.h.  */
| #include <ac_nonexistent.h>
configure:3653: checking for icc
configure:3662: result: no
configure:3676: checking for suncc
configure:3685: result: no
configure:3703: checking for system library directory
configure:3718: result: lib
configure:3725: checking if compiler supports -R
configure:3744: cc -o conftest -g -O2   conftest.c -R /usr/lib  >&5
cc: error: unrecognized command line option '-R'
configure:3744: $? = 1
configure: failed program was:
| /* confdefs.h */
| #define PACKAGE_NAME ""
| #define PACKAGE_TARNAME ""
| #define PACKAGE_VERSION ""
| #define PACKAGE_STRING ""
| #define PACKAGE_BUGREPORT ""
| #define PACKAGE_URL ""
| /* end confdefs.h.  */
| 
| int
| main ()
| {
| 
|   ;
|   return 0;
| }
configure:3754: result: no
configure:3759: checking if compiler supports -Wl,-rpath,
configure:3778: cc -o conftest -g -O2   conftest.c -Wl,-rpath,/usr/lib  >&5
configure:3778: $? = 0
configure:3788: result: yes
configure:3804: checking build system type
configure:3818: result: x86_64-pc-linux-gnu
configure:3838: checking host system type
configure:3851: result: x86_64-pc-linux-gnu
configure:3871: checking target system type
configure:3884: result: x86_64-pc-linux-gnu
configure:3987: checking for PHP prefix
configure:3989: result: /usr
configure:3991: checking for PHP includes
configure:3993: result: -I/usr/include/php/20200930 -I/usr/include/php/20200930/main -I/usr/include/php/20200930/TSRM -I/usr/include/php/20200930/Zend -I/usr/include/php/20200930/ext -I/usr/include/php/20200930/ext/date/lib
configure:3995: checking for PHP extension directory
configure:3997: result: /usr/lib/php/20200930
configure:3999: checking for PHP installed headers prefix
configure:4001: result: /usr/include/php/20200930
configure:4004: checking if debug is enabled
configure:4030: result: no
configure:4033: checking if zts is enabled
configure:4059: result: no
configure:4127: checking for gawk
configure:4144: found /usr/bin/gawk
configure:4155: result: gawk
configure:4200: checking enable debug log
configure:4214: result: no
configure:4223: checking enable trace log
configure:4237: result: no
configure:4246: checking enable sockets support
configure:4260: result: no
configure:4269: checking enable openssl support
configure:4283: result: no
configure:4292: checking enable http2.0 support
configure:4306: result: no
configure:4315: checking swoole support
configure:4354: result: yes, shared
configure:4363: checking enable mysqlnd support
configure:4377: result: no
configure:4386: checking enable c-ares support
configure:4400: result: no
configure:4409: checking dir of openssl
configure:4424: result: no
configure:4433: checking dir of jemalloc
configure:4448: result: no
configure:4457: checking enable asan
configure:4471: result: no
configure:4480: checking whether to enable swoole coverage support
configure:4494: result: no
configure:4503: checking whether to enable Swoole developer build flags
configure:4517: result: no
configure:4526: checking whether to enable Swoole JSON build flags
configure:4540: result: no
configure:4549: checking whether to enable Swoole CURL build flags
configure:4563: result: no
configure:4572: checking whether to enable postgresql build flags
configure:4586: result: no
configure:4595: checking whether to enable thread context
configure:4609: result: no
configure:4631: checking if compiling with clang
configure:4649: cc -c -g -O2  conftest.c >&5
conftest.c: In function 'main':
conftest.c:16:13: error: unknown type name 'not'
   16 |             not clang
      |             ^~~
configure:4649: $? = 1
configure: failed program was:
| /* confdefs.h */
| #define PACKAGE_NAME ""
| #define PACKAGE_TARNAME ""
| #define PACKAGE_VERSION ""
| #define PACKAGE_STRING ""
| #define PACKAGE_BUGREPORT ""
| #define PACKAGE_URL ""
| /* end confdefs.h.  */
| 
| 
| int
| main ()
| {
| 
|         #ifndef __clang__
|             not clang
|         #endif
| 
|   ;
|   return 0;
| }
configure:4656: result: no
configure:4659: checking for cc option to accept ISO C99
configure:4808: cc  -c -g -O2  conftest.c >&5
configure:4808: $? = 0
configure:4821: result: none needed
configure:4841: checking for accept4 in -lc
configure:4866: cc -o conftest -g -O2   conftest.c -lc   >&5
configure:4866: $? = 0
configure:4875: result: yes
configure:4883: checking for signalfd in -lc
configure:4908: cc -o conftest -g -O2   conftest.c -lc   >&5
configure:4908: $? = 0
configure:4917: result: yes
configure:4925: checking for eventfd in -lc
configure:4950: cc -o conftest -g -O2   conftest.c -lc   >&5
configure:4950: $? = 0
configure:4959: result: yes
configure:4967: checking for epoll_create in -lc
configure:4992: cc -o conftest -g -O2   conftest.c -lc   >&5
configure:4992: $? = 0
configure:5001: result: yes
configure:5009: checking for poll in -lc
configure:5034: cc -o conftest -g -O2   conftest.c -lc   >&5
configure:5034: $? = 0
configure:5043: result: yes
configure:5051: checking for sendfile in -lc
configure:5076: cc -o conftest -g -O2   conftest.c -lc   >&5
configure:5076: $? = 0
configure:5085: result: yes
configure:5093: checking for kqueue in -lc
configure:5118: cc -o conftest -g -O2   conftest.c -lc   >&5
/usr/bin/ld: /tmp/ccF5fPjS.o: in function `main':
/home/natanyel/Documentos/swoole-src/conftest.c:26: undefined reference to `kqueue'
collect2: error: ld returned 1 exit status
configure:5118: $? = 1
configure: failed program was:
| /* confdefs.h */
| #define PACKAGE_NAME ""
| #define PACKAGE_TARNAME ""
| #define PACKAGE_VERSION ""
| #define PACKAGE_STRING ""
| #define PACKAGE_BUGREPORT ""
| #define PACKAGE_URL ""
| #define HAVE_ACCEPT4 1
| #define HAVE_SIGNALFD 1
| #define HAVE_EVENTFD 1
| #define HAVE_EPOLL 1
| #define HAVE_POLL 1
| #define HAVE_SENDFILE 1
| /* end confdefs.h.  */
| 
| /* Override any GCC internal prototype to avoid an error.
|    Use char because int might match the return type of a GCC
|    builtin and then its argument prototype would still apply.  */
| #ifdef __cplusplus
| extern "C"
| #endif
| char kqueue ();
| int
| main ()
| {
| return kqueue ();
|   ;
|   return 0;
| }
configure:5127: result: no
configure:5135: checking for backtrace in -lc
configure:5160: cc -o conftest -g -O2   conftest.c -lc   >&5
configure:5160: $? = 0
configure:5169: result: yes
configure:5177: checking for daemon in -lc
configure:5202: cc -o conftest -g -O2   conftest.c -lc   >&5
configure:5202: $? = 0
configure:5211: result: yes
configure:5219: checking for mkostemp in -lc
configure:5244: cc -o conftest -g -O2   conftest.c -lc   >&5
configure:5244: $? = 0
configure:5253: result: yes
configure:5261: checking for inotify_init in -lc
configure:5286: cc -o conftest -g -O2   conftest.c -lc   >&5
configure:5286: $? = 0
configure:5295: result: yes
configure:5303: checking for malloc_trim in -lc
configure:5328: cc -o conftest -g -O2   conftest.c -lc   >&5
configure:5328: $? = 0
configure:5337: result: yes
configure:5345: checking for inotify_init1 in -lc
configure:5370: cc -o conftest -g -O2   conftest.c -lc   >&5
configure:5370: $? = 0
configure:5379: result: yes
configure:5387: checking for ptrace in -lc
configure:5412: cc -o conftest -g -O2   conftest.c -lc   >&5
configure:5412: $? = 0
configure:5421: result: yes
configure:5429: checking for getrandom in -lc
configure:5454: cc -o conftest -g -O2   conftest.c -lc   >&5
configure:5454: $? = 0
configure:5463: result: yes
configure:5471: checking for arc4random in -lc
configure:5496: cc -o conftest -g -O2   conftest.c -lc   >&5
/usr/bin/ld: /tmp/ccWa7U0W.o: in function `main':
/home/natanyel/Documentos/swoole-src/conftest.c:34: undefined reference to `arc4random'
collect2: error: ld returned 1 exit status
configure:5496: $? = 1
configure: failed program was:
| /* confdefs.h */
| #define PACKAGE_NAME ""
| #define PACKAGE_TARNAME ""
| #define PACKAGE_VERSION ""
| #define PACKAGE_STRING ""
| #define PACKAGE_BUGREPORT ""
| #define PACKAGE_URL ""
| #define HAVE_ACCEPT4 1
| #define HAVE_SIGNALFD 1
| #define HAVE_EVENTFD 1
| #define HAVE_EPOLL 1
| #define HAVE_POLL 1
| #define HAVE_SENDFILE 1
| #define HAVE_EXECINFO 1
| #define HAVE_DAEMON 1
| #define HAVE_MKOSTEMP 1
| #define HAVE_INOTIFY 1
| #define HAVE_MALLOC_TRIM 1
| #define HAVE_INOTIFY_INIT1 1
| #define HAVE_PTRACE 1
| #define HAVE_GETRANDOM 1
| /* end confdefs.h.  */
| 
| /* Override any GCC internal prototype to avoid an error.
|    Use char because int might match the return type of a GCC
|    builtin and then its argument prototype would still apply.  */
| #ifdef __cplusplus
| extern "C"
| #endif
| char arc4random ();
| int
| main ()
| {
| return arc4random ();
|   ;
|   return 0;
| }
configure:5505: result: no
configure:5513: checking for CCRandomGenerateBytes in -lc
configure:5538: cc -o conftest -g -O2   conftest.c -lc   >&5
/usr/bin/ld: /tmp/ccrBWVA2.o: in function `main':
/home/natanyel/Documentos/swoole-src/conftest.c:34: undefined reference to `CCRandomGenerateBytes'
collect2: error: ld returned 1 exit status
configure:5538: $? = 1
configure: failed program was:
| /* confdefs.h */
| #define PACKAGE_NAME ""
| #define PACKAGE_TARNAME ""
| #define PACKAGE_VERSION ""
| #define PACKAGE_STRING ""
| #define PACKAGE_BUGREPORT ""
| #define PACKAGE_URL ""
| #define HAVE_ACCEPT4 1
| #define HAVE_SIGNALFD 1
| #define HAVE_EVENTFD 1
| #define HAVE_EPOLL 1
| #define HAVE_POLL 1
| #define HAVE_SENDFILE 1
| #define HAVE_EXECINFO 1
| #define HAVE_DAEMON 1
| #define HAVE_MKOSTEMP 1
| #define HAVE_INOTIFY 1
| #define HAVE_MALLOC_TRIM 1
| #define HAVE_INOTIFY_INIT1 1
| #define HAVE_PTRACE 1
| #define HAVE_GETRANDOM 1
| /* end confdefs.h.  */
| 
| /* Override any GCC internal prototype to avoid an error.
|    Use char because int might match the return type of a GCC
|    builtin and then its argument prototype would still apply.  */
| #ifdef __cplusplus
| extern "C"
| #endif
| char CCRandomGenerateBytes ();
| int
| main ()
| {
| return CCRandomGenerateBytes ();
|   ;
|   return 0;
| }
configure:5547: result: no
configure:5555: checking for pthread_rwlock_init in -lpthread
configure:5580: cc -o conftest -g -O2   conftest.c -lpthread   >&5
configure:5580: $? = 0
configure:5589: result: yes
configure:5597: checking for pthread_spin_lock in -lpthread
configure:5622: cc -o conftest -g -O2   conftest.c -lpthread   >&5
configure:5622: $? = 0
configure:5631: result: yes
configure:5639: checking for pthread_mutex_timedlock in -lpthread
configure:5664: cc -o conftest -g -O2   conftest.c -lpthread   >&5
configure:5664: $? = 0
configure:5673: result: yes
configure:5681: checking for pthread_barrier_init in -lpthread
configure:5706: cc -o conftest -g -O2   conftest.c -lpthread   >&5
configure:5706: $? = 0
configure:5715: result: yes
configure:5723: checking for pthread_mutexattr_setpshared in -lpthread
configure:5748: cc -o conftest -g -O2   conftest.c -lpthread   >&5
configure:5748: $? = 0
configure:5757: result: yes
configure:5765: checking for pthread_mutexattr_setrobust in -lpthread
configure:5790: cc -o conftest -g -O2   conftest.c -lpthread   >&5
configure:5790: $? = 0
configure:5799: result: yes
configure:5807: checking for pthread_mutex_consistent in -lpthread
configure:5832: cc -o conftest -g -O2   conftest.c -lpthread   >&5
configure:5832: $? = 0
configure:5841: result: yes
configure:5849: checking for pcre_compile in -lpcre
configure:5874: cc -o conftest -g -O2   conftest.c -lpcre   >&5
configure:5874: $? = 0
configure:5883: result: yes
configure:5891: checking for ares_gethostbyname in -lcares
configure:5916: cc -o conftest -g -O2   conftest.c -lcares   >&5
/usr/bin/ld: cannot find -lcares
collect2: error: ld returned 1 exit status
configure:5916: $? = 1
configure: failed program was:
| /* confdefs.h */
| #define PACKAGE_NAME ""
| #define PACKAGE_TARNAME ""
| #define PACKAGE_VERSION ""
| #define PACKAGE_STRING ""
| #define PACKAGE_BUGREPORT ""
| #define PACKAGE_URL ""
| #define HAVE_ACCEPT4 1
| #define HAVE_SIGNALFD 1
| #define HAVE_EVENTFD 1
| #define HAVE_EPOLL 1
| #define HAVE_POLL 1
| #define HAVE_SENDFILE 1
| #define HAVE_EXECINFO 1
| #define HAVE_DAEMON 1
| #define HAVE_MKOSTEMP 1
| #define HAVE_INOTIFY 1
| #define HAVE_MALLOC_TRIM 1
| #define HAVE_INOTIFY_INIT1 1
| #define HAVE_PTRACE 1
| #define HAVE_GETRANDOM 1
| #define HAVE_RWLOCK 1
| #define HAVE_SPINLOCK 1
| #define HAVE_MUTEX_TIMEDLOCK 1
| #define HAVE_PTHREAD_BARRIER 1
| #define HAVE_PTHREAD_MUTEXATTR_SETPSHARED 1
| #define HAVE_PTHREAD_MUTEXATTR_SETROBUST 1
| #define HAVE_PTHREAD_MUTEX_CONSISTENT 1
| #define HAVE_PCRE 1
| /* end confdefs.h.  */
| 
| /* Override any GCC internal prototype to avoid an error.
|    Use char because int might match the return type of a GCC
|    builtin and then its argument prototype would still apply.  */
| #ifdef __cplusplus
| extern "C"
| #endif
| char ares_gethostbyname ();
| int
| main ()
| {
| return ares_gethostbyname ();
|   ;
|   return 0;
| }
configure:5925: result: no
configure:7317: checking for gzgets in -lz
configure:7342: cc -o conftest -g -O2   conftest.c -lz   >&5
/usr/bin/ld: cannot find -lz
collect2: error: ld returned 1 exit status
configure:7342: $? = 1
configure: failed program was:
| /* confdefs.h */
| #define PACKAGE_NAME ""
| #define PACKAGE_TARNAME ""
| #define PACKAGE_VERSION ""
| #define PACKAGE_STRING ""
| #define PACKAGE_BUGREPORT ""
| #define PACKAGE_URL ""
| #define HAVE_ACCEPT4 1
| #define HAVE_SIGNALFD 1
| #define HAVE_EVENTFD 1
| #define HAVE_EPOLL 1
| #define HAVE_POLL 1
| #define HAVE_SENDFILE 1
| #define HAVE_EXECINFO 1
| #define HAVE_DAEMON 1
| #define HAVE_MKOSTEMP 1
| #define HAVE_INOTIFY 1
| #define HAVE_MALLOC_TRIM 1
| #define HAVE_INOTIFY_INIT1 1
| #define HAVE_PTRACE 1
| #define HAVE_GETRANDOM 1
| #define HAVE_RWLOCK 1
| #define HAVE_SPINLOCK 1
| #define HAVE_MUTEX_TIMEDLOCK 1
| #define HAVE_PTHREAD_BARRIER 1
| #define HAVE_PTHREAD_MUTEXATTR_SETPSHARED 1
| #define HAVE_PTHREAD_MUTEXATTR_SETROBUST 1
| #define HAVE_PTHREAD_MUTEX_CONSISTENT 1
| #define HAVE_PCRE 1
| /* end confdefs.h.  */
| 
| /* Override any GCC internal prototype to avoid an error.
|    Use char because int might match the return type of a GCC
|    builtin and then its argument prototype would still apply.  */
| #ifdef __cplusplus
| extern "C"
| #endif
| char gzgets ();
| int
| main ()
| {
| return gzgets ();
|   ;
|   return 0;
| }
configure:7351: result: no
configure:7388: checking for BrotliEncoderCreateInstance in -lbrotlienc
configure:7413: cc -o conftest -g -O2   conftest.c -lbrotlienc   >&5
/usr/bin/ld: cannot find -lbrotlienc
collect2: error: ld returned 1 exit status
configure:7413: $? = 1
configure: failed program was:
| /* confdefs.h */
| #define PACKAGE_NAME ""
| #define PACKAGE_TARNAME ""
| #define PACKAGE_VERSION ""
| #define PACKAGE_STRING ""
| #define PACKAGE_BUGREPORT ""
| #define PACKAGE_URL ""
| #define HAVE_ACCEPT4 1
| #define HAVE_SIGNALFD 1
| #define HAVE_EVENTFD 1
| #define HAVE_EPOLL 1
| #define HAVE_POLL 1
| #define HAVE_SENDFILE 1
| #define HAVE_EXECINFO 1
| #define HAVE_DAEMON 1
| #define HAVE_MKOSTEMP 1
| #define HAVE_INOTIFY 1
| #define HAVE_MALLOC_TRIM 1
| #define HAVE_INOTIFY_INIT1 1
| #define HAVE_PTRACE 1
| #define HAVE_GETRANDOM 1
| #define HAVE_RWLOCK 1
| #define HAVE_SPINLOCK 1
| #define HAVE_MUTEX_TIMEDLOCK 1
| #define HAVE_PTHREAD_BARRIER 1
| #define HAVE_PTHREAD_MUTEXATTR_SETPSHARED 1
| #define HAVE_PTHREAD_MUTEXATTR_SETROBUST 1
| #define HAVE_PTHREAD_MUTEX_CONSISTENT 1
| #define HAVE_PCRE 1
| /* end confdefs.h.  */
| 
| /* Override any GCC internal prototype to avoid an error.
|    Use char because int might match the return type of a GCC
|    builtin and then its argument prototype would still apply.  */
| #ifdef __cplusplus
| extern "C"
| #endif
| char BrotliEncoderCreateInstance ();
| int
| main ()
| {
| return BrotliEncoderCreateInstance ();
|   ;
|   return 0;
| }
configure:7422: result: no
configure:7645: checking for cpu affinity
configure:7669: cc -c -g -O2  conftest.c >&5
conftest.c: In function 'main':
conftest.c:45:9: warning: implicit declaration of function 'CPU_ZERO' [-Wimplicit-function-declaration]
   45 |         CPU_ZERO(&cpu_set);
      |         ^~~~~~~~
configure:7669: $? = 0
configure:7674: result: yes
configure:7686: checking for socket REUSEPORT
configure:7704: cc -c -g -O2  conftest.c >&5
configure:7704: $? = 0
configure:7709: result: yes
configure:7721: checking for futex
configure:7742: cc -c -g -O2  conftest.c >&5
configure:7742: $? = 0
configure:7747: result: yes
configure:7759: checking for ucontext
configure:7780: cc -c -g -O2  conftest.c >&5
configure:7780: $? = 0
configure:7785: result: yes
configure:7854: checking for g++
configure:7870: found /usr/bin/g++
configure:7881: result: g++
configure:7908: checking for C++ compiler version
configure:7917: g++ --version >&5
g++ (Ubuntu 9.3.0-17ubuntu1~20.04) 9.3.0
Copyright (C) 2019 Free Software Foundation, Inc.
This is free software; see the source for copying conditions.  There is NO
warranty; not even for MERCHANTABILITY or FITNESS FOR A PARTICULAR PURPOSE.

configure:7928: $? = 0
configure:7917: g++ -v >&5
Using built-in specs.
COLLECT_GCC=g++
COLLECT_LTO_WRAPPER=/usr/lib/gcc/x86_64-linux-gnu/9/lto-wrapper
OFFLOAD_TARGET_NAMES=nvptx-none:hsa
OFFLOAD_TARGET_DEFAULT=1
Target: x86_64-linux-gnu
Configured with: ../src/configure -v --with-pkgversion='Ubuntu 9.3.0-17ubuntu1~20.04' --with-bugurl=file:///usr/share/doc/gcc-9/README.Bugs --enable-languages=c,ada,c++,go,brig,d,fortran,objc,obj-c++,gm2 --prefix=/usr --with-gcc-major-version-only --program-suffix=-9 --program-prefix=x86_64-linux-gnu- --enable-shared --enable-linker-build-id --libexecdir=/usr/lib --without-included-gettext --enable-threads=posix --libdir=/usr/lib --enable-nls --enable-clocale=gnu --enable-libstdcxx-debug --enable-libstdcxx-time=yes --with-default-libstdcxx-abi=new --enable-gnu-unique-object --disable-vtable-verify --enable-plugin --enable-default-pie --with-system-zlib --with-target-system-zlib=auto --enable-objc-gc=auto --enable-multiarch --disable-werror --with-arch-32=i686 --with-abi=m64 --with-multilib-list=m32,m64,mx32 --enable-multilib --with-tune=generic --enable-offload-targets=nvptx-none=/build/gcc-9-HskZEa/gcc-9-9.3.0/debian/tmp-nvptx/usr,hsa --without-cuda-driver --enable-checking=release --build=x86_64-linux-gnu --host=x86_64-linux-gnu --target=x86_64-linux-gnu
Thread model: posix
gcc version 9.3.0 (Ubuntu 9.3.0-17ubuntu1~20.04) 
configure:7928: $? = 0
configure:7917: g++ -V >&5
g++: error: unrecognized command line option '-V'
g++: fatal error: no input files
compilation terminated.
configure:7928: $? = 1
configure:7917: g++ -qversion >&5
g++: error: unrecognized command line option '-qversion'; did you mean '--version'?
g++: fatal error: no input files
compilation terminated.
configure:7928: $? = 1
configure:7932: checking whether we are using the GNU C++ compiler
configure:7951: g++ -c   conftest.cpp >&5
configure:7951: $? = 0
configure:7960: result: yes
configure:7969: checking whether g++ accepts -g
configure:7989: g++ -c -g  conftest.cpp >&5
configure:7989: $? = 0
configure:8030: result: yes
configure:8055: checking for valgrind
configure:8078: g++ -c -g -O2  conftest.cpp >&5
conftest.cpp:36:18: fatal error: valgrind/valgrind.h: No such file or directory
   36 |         #include <valgrind/valgrind.h>
      |                  ^~~~~~~~~~~~~~~~~~~~~
compilation terminated.
configure:8078: $? = 1
configure: failed program was:
| /* confdefs.h */
| #define PACKAGE_NAME ""
| #define PACKAGE_TARNAME ""
| #define PACKAGE_VERSION ""
| #define PACKAGE_STRING ""
| #define PACKAGE_BUGREPORT ""
| #define PACKAGE_URL ""
| #define HAVE_ACCEPT4 1
| #define HAVE_SIGNALFD 1
| #define HAVE_EVENTFD 1
| #define HAVE_EPOLL 1
| #define HAVE_POLL 1
| #define HAVE_SENDFILE 1
| #define HAVE_EXECINFO 1
| #define HAVE_DAEMON 1
| #define HAVE_MKOSTEMP 1
| #define HAVE_INOTIFY 1
| #define HAVE_MALLOC_TRIM 1
| #define HAVE_INOTIFY_INIT1 1
| #define HAVE_PTRACE 1
| #define HAVE_GETRANDOM 1
| #define HAVE_RWLOCK 1
| #define HAVE_SPINLOCK 1
| #define HAVE_MUTEX_TIMEDLOCK 1
| #define HAVE_PTHREAD_BARRIER 1
| #define HAVE_PTHREAD_MUTEXATTR_SETPSHARED 1
| #define HAVE_PTHREAD_MUTEXATTR_SETROBUST 1
| #define HAVE_PTHREAD_MUTEX_CONSISTENT 1
| #define HAVE_PCRE 1
| #define HAVE_CPU_AFFINITY 1
| #define HAVE_REUSEPORT 1
| #define HAVE_FUTEX 1
| #define HAVE_UCONTEXT 1
| /* end confdefs.h.  */
| 
|         #include <valgrind/valgrind.h>
| 
| int
| main ()
| {
| 
| 
| 
|   ;
|   return 0;
| }
configure:8088: result: no
configure:8099: checking how to run the C++ preprocessor
configure:8126: g++ -E  conftest.cpp
configure:8126: $? = 0
configure:8140: g++ -E  conftest.cpp
conftest.cpp:35:10: fatal error: ac_nonexistent.h: No such file or directory
   35 | #include <ac_nonexistent.h>
      |          ^~~~~~~~~~~~~~~~~~
compilation terminated.
configure:8140: $? = 1
configure: failed program was:
| /* confdefs.h */
| #define PACKAGE_NAME ""
| #define PACKAGE_TARNAME ""
| #define PACKAGE_VERSION ""
| #define PACKAGE_STRING ""
| #define PACKAGE_BUGREPORT ""
| #define PACKAGE_URL ""
| #define HAVE_ACCEPT4 1
| #define HAVE_SIGNALFD 1
| #define HAVE_EVENTFD 1
| #define HAVE_EPOLL 1
| #define HAVE_POLL 1
| #define HAVE_SENDFILE 1
| #define HAVE_EXECINFO 1
| #define HAVE_DAEMON 1
| #define HAVE_MKOSTEMP 1
| #define HAVE_INOTIFY 1
| #define HAVE_MALLOC_TRIM 1
| #define HAVE_INOTIFY_INIT1 1
| #define HAVE_PTRACE 1
| #define HAVE_GETRANDOM 1
| #define HAVE_RWLOCK 1
| #define HAVE_SPINLOCK 1
| #define HAVE_MUTEX_TIMEDLOCK 1
| #define HAVE_PTHREAD_BARRIER 1
| #define HAVE_PTHREAD_MUTEXATTR_SETPSHARED 1
| #define HAVE_PTHREAD_MUTEXATTR_SETROBUST 1
| #define HAVE_PTHREAD_MUTEX_CONSISTENT 1
| #define HAVE_PCRE 1
| #define HAVE_CPU_AFFINITY 1
| #define HAVE_REUSEPORT 1
| #define HAVE_FUTEX 1
| #define HAVE_UCONTEXT 1
| /* end confdefs.h.  */
| #include <ac_nonexistent.h>
configure:8165: result: g++ -E
configure:8185: g++ -E  conftest.cpp
configure:8185: $? = 0
configure:8199: g++ -E  conftest.cpp
conftest.cpp:35:10: fatal error: ac_nonexistent.h: No such file or directory
   35 | #include <ac_nonexistent.h>
      |          ^~~~~~~~~~~~~~~~~~
compilation terminated.
configure:8199: $? = 1
configure: failed program was:
| /* confdefs.h */
| #define PACKAGE_NAME ""
| #define PACKAGE_TARNAME ""
| #define PACKAGE_VERSION ""
| #define PACKAGE_STRING ""
| #define PACKAGE_BUGREPORT ""
| #define PACKAGE_URL ""
| #define HAVE_ACCEPT4 1
| #define HAVE_SIGNALFD 1
| #define HAVE_EVENTFD 1
| #define HAVE_EPOLL 1
| #define HAVE_POLL 1
| #define HAVE_SENDFILE 1
| #define HAVE_EXECINFO 1
| #define HAVE_DAEMON 1
| #define HAVE_MKOSTEMP 1
| #define HAVE_INOTIFY 1
| #define HAVE_MALLOC_TRIM 1
| #define HAVE_INOTIFY_INIT1 1
| #define HAVE_PTRACE 1
| #define HAVE_GETRANDOM 1
| #define HAVE_RWLOCK 1
| #define HAVE_SPINLOCK 1
| #define HAVE_MUTEX_TIMEDLOCK 1
| #define HAVE_PTHREAD_BARRIER 1
| #define HAVE_PTHREAD_MUTEXATTR_SETPSHARED 1
| #define HAVE_PTHREAD_MUTEXATTR_SETROBUST 1
| #define HAVE_PTHREAD_MUTEX_CONSISTENT 1
| #define HAVE_PCRE 1
| #define HAVE_CPU_AFFINITY 1
| #define HAVE_REUSEPORT 1
| #define HAVE_FUTEX 1
| #define HAVE_UCONTEXT 1
| /* end confdefs.h.  */
| #include <ac_nonexistent.h>
configure:8229: checking for struct cmsghdr
configure:8248: g++ -c -g -O2  conftest.cpp >&5
configure:8248: $? = 0
configure:8256: result: yes
configure:8268: checking for hstrerror
configure:8268: g++ -o conftest -g -O2   conftest.cpp -lpthread  >&5
configure:8268: $? = 0
configure:8268: result: yes
configure:8268: checking for socketpair
configure:8268: g++ -o conftest -g -O2   conftest.cpp -lpthread  >&5
configure:8268: $? = 0
configure:8268: result: yes
configure:8268: checking for if_nametoindex
configure:8268: g++ -o conftest -g -O2   conftest.cpp -lpthread  >&5
configure:8268: $? = 0
configure:8268: result: yes
configure:8268: checking for if_indextoname
configure:8268: g++ -o conftest -g -O2   conftest.cpp -lpthread  >&5
configure:8268: $? = 0
configure:8268: result: yes
configure:8280: checking netdb.h usability
configure:8280: g++ -c -g -O2  conftest.cpp >&5
configure:8280: $? = 0
configure:8280: result: yes
configure:8280: checking netdb.h presence
configure:8280: g++ -E  conftest.cpp
configure:8280: $? = 0
configure:8280: result: yes
configure:8280: checking for netdb.h
configure:8280: result: yes
configure:8280: checking netinet/tcp.h usability
configure:8280: g++ -c -g -O2  conftest.cpp >&5
configure:8280: $? = 0
configure:8280: result: yes
configure:8280: checking netinet/tcp.h presence
configure:8280: g++ -E  conftest.cpp
configure:8280: $? = 0
configure:8280: result: yes
configure:8280: checking for netinet/tcp.h
configure:8280: result: yes
configure:8280: checking sys/un.h usability
configure:8280: g++ -c -g -O2  conftest.cpp >&5
configure:8280: $? = 0
configure:8280: result: yes
configure:8280: checking sys/un.h presence
configure:8280: g++ -E  conftest.cpp
configure:8280: $? = 0
configure:8280: result: yes
configure:8280: checking for sys/un.h
configure:8280: result: yes
configure:8280: checking sys/sockio.h usability
configure:8280: g++ -c -g -O2  conftest.cpp >&5
conftest.cpp:76:10: fatal error: sys/sockio.h: No such file or directory
   76 | #include <sys/sockio.h>
      |          ^~~~~~~~~~~~~~
compilation terminated.
configure:8280: $? = 1
configure: failed program was:
| /* confdefs.h */
| #define PACKAGE_NAME ""
| #define PACKAGE_TARNAME ""
| #define PACKAGE_VERSION ""
| #define PACKAGE_STRING ""
| #define PACKAGE_BUGREPORT ""
| #define PACKAGE_URL ""
| #define HAVE_ACCEPT4 1
| #define HAVE_SIGNALFD 1
| #define HAVE_EVENTFD 1
| #define HAVE_EPOLL 1
| #define HAVE_POLL 1
| #define HAVE_SENDFILE 1
| #define HAVE_EXECINFO 1
| #define HAVE_DAEMON 1
| #define HAVE_MKOSTEMP 1
| #define HAVE_INOTIFY 1
| #define HAVE_MALLOC_TRIM 1
| #define HAVE_INOTIFY_INIT1 1
| #define HAVE_PTRACE 1
| #define HAVE_GETRANDOM 1
| #define HAVE_RWLOCK 1
| #define HAVE_SPINLOCK 1
| #define HAVE_MUTEX_TIMEDLOCK 1
| #define HAVE_PTHREAD_BARRIER 1
| #define HAVE_PTHREAD_MUTEXATTR_SETPSHARED 1
| #define HAVE_PTHREAD_MUTEXATTR_SETROBUST 1
| #define HAVE_PTHREAD_MUTEX_CONSISTENT 1
| #define HAVE_PCRE 1
| #define HAVE_CPU_AFFINITY 1
| #define HAVE_REUSEPORT 1
| #define HAVE_FUTEX 1
| #define HAVE_UCONTEXT 1
| #define HAVE_CMSGHDR 1
| #define HAVE_HSTRERROR 1
| #define HAVE_SOCKETPAIR 1
| #define HAVE_IF_NAMETOINDEX 1
| #define HAVE_IF_INDEXTONAME 1
| #define HAVE_NETDB_H 1
| #define HAVE_NETINET_TCP_H 1
| #define HAVE_SYS_UN_H 1
| /* end confdefs.h.  */
| #include <stdio.h>
| #ifdef HAVE_SYS_TYPES_H
| # include <sys/types.h>
| #endif
| #ifdef HAVE_SYS_STAT_H
| # include <sys/stat.h>
| #endif
| #ifdef STDC_HEADERS
| # include <stdlib.h>
| # include <stddef.h>
| #else
| # ifdef HAVE_STDLIB_H
| #  include <stdlib.h>
| # endif
| #endif
| #ifdef HAVE_STRING_H
| # if !defined STDC_HEADERS && defined HAVE_MEMORY_H
| #  include <memory.h>
| # endif
| # include <string.h>
| #endif
| #ifdef HAVE_STRINGS_H
| # include <strings.h>
| #endif
| #ifdef HAVE_INTTYPES_H
| # include <inttypes.h>
| #endif
| #ifdef HAVE_STDINT_H
| # include <stdint.h>
| #endif
| #ifdef HAVE_UNISTD_H
| # include <unistd.h>
| #endif
| #include <sys/sockio.h>
configure:8280: result: no
configure:8280: checking sys/sockio.h presence
configure:8280: g++ -E  conftest.cpp
conftest.cpp:43:10: fatal error: sys/sockio.h: No such file or directory
   43 | #include <sys/sockio.h>
      |          ^~~~~~~~~~~~~~
compilation terminated.
configure:8280: $? = 1
configure: failed program was:
| /* confdefs.h */
| #define PACKAGE_NAME ""
| #define PACKAGE_TARNAME ""
| #define PACKAGE_VERSION ""
| #define PACKAGE_STRING ""
| #define PACKAGE_BUGREPORT ""
| #define PACKAGE_URL ""
| #define HAVE_ACCEPT4 1
| #define HAVE_SIGNALFD 1
| #define HAVE_EVENTFD 1
| #define HAVE_EPOLL 1
| #define HAVE_POLL 1
| #define HAVE_SENDFILE 1
| #define HAVE_EXECINFO 1
| #define HAVE_DAEMON 1
| #define HAVE_MKOSTEMP 1
| #define HAVE_INOTIFY 1
| #define HAVE_MALLOC_TRIM 1
| #define HAVE_INOTIFY_INIT1 1
| #define HAVE_PTRACE 1
| #define HAVE_GETRANDOM 1
| #define HAVE_RWLOCK 1
| #define HAVE_SPINLOCK 1
| #define HAVE_MUTEX_TIMEDLOCK 1
| #define HAVE_PTHREAD_BARRIER 1
| #define HAVE_PTHREAD_MUTEXATTR_SETPSHARED 1
| #define HAVE_PTHREAD_MUTEXATTR_SETROBUST 1
| #define HAVE_PTHREAD_MUTEX_CONSISTENT 1
| #define HAVE_PCRE 1
| #define HAVE_CPU_AFFINITY 1
| #define HAVE_REUSEPORT 1
| #define HAVE_FUTEX 1
| #define HAVE_UCONTEXT 1
| #define HAVE_CMSGHDR 1
| #define HAVE_HSTRERROR 1
| #define HAVE_SOCKETPAIR 1
| #define HAVE_IF_NAMETOINDEX 1
| #define HAVE_IF_INDEXTONAME 1
| #define HAVE_NETDB_H 1
| #define HAVE_NETINET_TCP_H 1
| #define HAVE_SYS_UN_H 1
| /* end confdefs.h.  */
| #include <sys/sockio.h>
configure:8280: result: no
configure:8280: checking for sys/sockio.h
configure:8280: result: no
configure:8294: checking for field ss_family in struct sockaddr_storage
configure:8315: g++ -c -g -O2  conftest.cpp >&5
configure:8315: $? = 0
configure:8323: result: yes
configure:8332: checking if getaddrinfo supports AI_V4MAPPED
configure:8351: g++ -c -g -O2  conftest.cpp >&5
configure:8351: $? = 0
configure:8359: result: yes
configure:8368: checking if getaddrinfo supports AI_ALL
configure:8387: g++ -c -g -O2  conftest.cpp >&5
configure:8387: $? = 0
configure:8395: result: yes
configure:8404: checking if getaddrinfo supports AI_IDN
configure:8423: g++ -c -g -O2  conftest.cpp >&5
configure:8423: $? = 0
configure:8431: result: yes
configure:8440: checking if gethostbyname2_r is supported
configure:8460: g++ -c -g -O2  conftest.cpp >&5
configure:8460: $? = 0
configure:8468: result: yes
configure:8478: checking for valgrind
configure:8501: g++ -c -g -O2  conftest.cpp >&5
conftest.cpp:50:18: fatal error: boost/stacktrace.hpp: No such file or directory
   50 |         #include <boost/stacktrace.hpp>
      |                  ^~~~~~~~~~~~~~~~~~~~~~
compilation terminated.
configure:8501: $? = 1
configure: failed program was:
| /* confdefs.h */
| #define PACKAGE_NAME ""
| #define PACKAGE_TARNAME ""
| #define PACKAGE_VERSION ""
| #define PACKAGE_STRING ""
| #define PACKAGE_BUGREPORT ""
| #define PACKAGE_URL ""
| #define HAVE_ACCEPT4 1
| #define HAVE_SIGNALFD 1
| #define HAVE_EVENTFD 1
| #define HAVE_EPOLL 1
| #define HAVE_POLL 1
| #define HAVE_SENDFILE 1
| #define HAVE_EXECINFO 1
| #define HAVE_DAEMON 1
| #define HAVE_MKOSTEMP 1
| #define HAVE_INOTIFY 1
| #define HAVE_MALLOC_TRIM 1
| #define HAVE_INOTIFY_INIT1 1
| #define HAVE_PTRACE 1
| #define HAVE_GETRANDOM 1
| #define HAVE_RWLOCK 1
| #define HAVE_SPINLOCK 1
| #define HAVE_MUTEX_TIMEDLOCK 1
| #define HAVE_PTHREAD_BARRIER 1
| #define HAVE_PTHREAD_MUTEXATTR_SETPSHARED 1
| #define HAVE_PTHREAD_MUTEXATTR_SETROBUST 1
| #define HAVE_PTHREAD_MUTEX_CONSISTENT 1
| #define HAVE_PCRE 1
| #define HAVE_CPU_AFFINITY 1
| #define HAVE_REUSEPORT 1
| #define HAVE_FUTEX 1
| #define HAVE_UCONTEXT 1
| #define HAVE_CMSGHDR 1
| #define HAVE_HSTRERROR 1
| #define HAVE_SOCKETPAIR 1
| #define HAVE_IF_NAMETOINDEX 1
| #define HAVE_IF_INDEXTONAME 1
| #define HAVE_NETDB_H 1
| #define HAVE_NETINET_TCP_H 1
| #define HAVE_SYS_UN_H 1
| #define HAVE_SOCKETS 1
| #define HAVE_SA_SS_FAMILY 1
| #define HAVE_AI_V4MAPPED 1
| #define HAVE_AI_ALL 1
| #define HAVE_AI_IDN 1
| #define HAVE_GETHOSTBYNAME2_R 1
| /* end confdefs.h.  */
| 
|         #include <boost/stacktrace.hpp>
| 
| int
| main ()
| {
| 
| 
| 
|   ;
|   return 0;
| }
configure:8511: result: no
configure:8581: checking for clock_gettime in -lrt
configure:8606: g++ -o conftest -g -O2   -lpthread conftest.cpp -lrt  -lpthread  >&5
configure:8606: $? = 0
configure:8615: result: yes
configure:9674: checking swoole coverage
configure:9687: result: disabled
configure:9831: checking for C++ compiler version
configure:9840: g++ --version >&5
g++ (Ubuntu 9.3.0-17ubuntu1~20.04) 9.3.0
Copyright (C) 2019 Free Software Foundation, Inc.
This is free software; see the source for copying conditions.  There is NO
warranty; not even for MERCHANTABILITY or FITNESS FOR A PARTICULAR PURPOSE.

configure:9851: $? = 0
configure:9840: g++ -v >&5
Using built-in specs.
COLLECT_GCC=g++
COLLECT_LTO_WRAPPER=/usr/lib/gcc/x86_64-linux-gnu/9/lto-wrapper
OFFLOAD_TARGET_NAMES=nvptx-none:hsa
OFFLOAD_TARGET_DEFAULT=1
Target: x86_64-linux-gnu
Configured with: ../src/configure -v --with-pkgversion='Ubuntu 9.3.0-17ubuntu1~20.04' --with-bugurl=file:///usr/share/doc/gcc-9/README.Bugs --enable-languages=c,ada,c++,go,brig,d,fortran,objc,obj-c++,gm2 --prefix=/usr --with-gcc-major-version-only --program-suffix=-9 --program-prefix=x86_64-linux-gnu- --enable-shared --enable-linker-build-id --libexecdir=/usr/lib --without-included-gettext --enable-threads=posix --libdir=/usr/lib --enable-nls --enable-clocale=gnu --enable-libstdcxx-debug --enable-libstdcxx-time=yes --with-default-libstdcxx-abi=new --enable-gnu-unique-object --disable-vtable-verify --enable-plugin --enable-default-pie --with-system-zlib --with-target-system-zlib=auto --enable-objc-gc=auto --enable-multiarch --disable-werror --with-arch-32=i686 --with-abi=m64 --with-multilib-list=m32,m64,mx32 --enable-multilib --with-tune=generic --enable-offload-targets=nvptx-none=/build/gcc-9-HskZEa/gcc-9-9.3.0/debian/tmp-nvptx/usr,hsa --without-cuda-driver --enable-checking=release --build=x86_64-linux-gnu --host=x86_64-linux-gnu --target=x86_64-linux-gnu
Thread model: posix
gcc version 9.3.0 (Ubuntu 9.3.0-17ubuntu1~20.04) 
configure:9851: $? = 0
configure:9840: g++ -V >&5
g++: error: unrecognized command line option '-V'
g++: fatal error: no input files
compilation terminated.
configure:9851: $? = 1
configure:9840: g++ -qversion >&5
g++: error: unrecognized command line option '-qversion'; did you mean '--version'?
g++: fatal error: no input files
compilation terminated.
configure:9851: $? = 1
configure:9855: checking whether we are using the GNU C++ compiler
configure:9883: result: yes
configure:9892: checking whether g++ accepts -g
configure:9953: result: yes
configure:9981: checking how to run the C++ preprocessor
configure:10047: result: g++ -E
configure:10067: g++ -E  conftest.cpp
configure:10067: $? = 0
configure:10081: g++ -E  conftest.cpp
conftest.cpp:52:10: fatal error: ac_nonexistent.h: No such file or directory
   52 | #include <ac_nonexistent.h>
      |          ^~~~~~~~~~~~~~~~~~
compilation terminated.
configure:10081: $? = 1
configure: failed program was:
| /* confdefs.h */
| #define PACKAGE_NAME ""
| #define PACKAGE_TARNAME ""
| #define PACKAGE_VERSION ""
| #define PACKAGE_STRING ""
| #define PACKAGE_BUGREPORT ""
| #define PACKAGE_URL ""
| #define HAVE_ACCEPT4 1
| #define HAVE_SIGNALFD 1
| #define HAVE_EVENTFD 1
| #define HAVE_EPOLL 1
| #define HAVE_POLL 1
| #define HAVE_SENDFILE 1
| #define HAVE_EXECINFO 1
| #define HAVE_DAEMON 1
| #define HAVE_MKOSTEMP 1
| #define HAVE_INOTIFY 1
| #define HAVE_MALLOC_TRIM 1
| #define HAVE_INOTIFY_INIT1 1
| #define HAVE_PTRACE 1
| #define HAVE_GETRANDOM 1
| #define HAVE_RWLOCK 1
| #define HAVE_SPINLOCK 1
| #define HAVE_MUTEX_TIMEDLOCK 1
| #define HAVE_PTHREAD_BARRIER 1
| #define HAVE_PTHREAD_MUTEXATTR_SETPSHARED 1
| #define HAVE_PTHREAD_MUTEXATTR_SETROBUST 1
| #define HAVE_PTHREAD_MUTEX_CONSISTENT 1
| #define HAVE_PCRE 1
| #define HAVE_CPU_AFFINITY 1
| #define HAVE_REUSEPORT 1
| #define HAVE_FUTEX 1
| #define HAVE_UCONTEXT 1
| #define HAVE_CMSGHDR 1
| #define HAVE_HSTRERROR 1
| #define HAVE_SOCKETPAIR 1
| #define HAVE_IF_NAMETOINDEX 1
| #define HAVE_IF_INDEXTONAME 1
| #define HAVE_NETDB_H 1
| #define HAVE_NETINET_TCP_H 1
| #define HAVE_SYS_UN_H 1
| #define HAVE_SOCKETS 1
| #define HAVE_SA_SS_FAMILY 1
| #define HAVE_AI_V4MAPPED 1
| #define HAVE_AI_ALL 1
| #define HAVE_AI_IDN 1
| #define HAVE_GETHOSTBYNAME2_R 1
| #define HAVE_CLOCK_GETTIME 1
| #define SW_USE_ASM_CONTEXT 1
| #define COMPILE_DL_SWOOLE 1
| /* end confdefs.h.  */
| #include <ac_nonexistent.h>
configure:10274: checking how to print strings
configure:10301: result: printf
configure:10322: checking for a sed that does not truncate output
configure:10386: result: /usr/bin/sed
configure:10404: checking for fgrep
configure:10466: result: /usr/bin/grep -F
configure:10501: checking for ld used by cc
configure:10568: result: /usr/bin/ld
configure:10575: checking if the linker (/usr/bin/ld) is GNU ld
configure:10590: result: yes
configure:10602: checking for BSD- or MS-compatible name lister (nm)
configure:10656: result: /usr/bin/nm -B
configure:10786: checking the name lister (/usr/bin/nm -B) interface
configure:10793: g++ -c -g -O2 -Wall -Wno-unused-function -Wno-deprecated -Wno-deprecated-declarations -std=c++11  conftest.cpp >&5
configure:10796: /usr/bin/nm -B "conftest.o"
configure:10799: output
0000000000000000 B some_variable
configure:10800: result: BSD nm
configure:10803: checking whether ln -s works
configure:10807: result: yes
configure:10815: checking the maximum length of command line arguments
configure:10946: result: 1572864
configure:10994: checking how to convert x86_64-pc-linux-gnu file names to x86_64-pc-linux-gnu format
configure:11034: result: func_convert_file_noop
configure:11041: checking how to convert x86_64-pc-linux-gnu file names to toolchain format
configure:11061: result: func_convert_file_noop
configure:11068: checking for /usr/bin/ld option to reload object files
configure:11075: result: -r
configure:11149: checking for objdump
configure:11165: found /usr/bin/objdump
configure:11176: result: objdump
configure:11208: checking how to recognize dependent libraries
configure:11408: result: pass_all
configure:11493: checking for dlltool
configure:11523: result: no
configure:11553: checking how to associate runtime and link libraries
configure:11580: result: printf %s\n
configure:11640: checking for ar
configure:11656: found /usr/bin/ar
configure:11667: result: ar
configure:11704: checking for archiver @FILE support
configure:11721: g++ -c -g -O2 -Wall -Wno-unused-function -Wno-deprecated -Wno-deprecated-declarations -std=c++11  conftest.cpp >&5
configure:11721: $? = 0
configure:11724: ar cr libconftest.a @conftest.lst >&5
configure:11727: $? = 0
configure:11732: ar cr libconftest.a @conftest.lst >&5
ar: conftest.o: No such file or directory
configure:11735: $? = 1
configure:11734: result: @
configure:11792: checking for strip
configure:11808: found /usr/bin/strip
configure:11819: result: strip
configure:11891: checking for ranlib
configure:11907: found /usr/bin/ranlib
configure:11918: result: ranlib
configure:11995: checking for gawk
configure:12022: result: gawk
configure:12062: checking command to parse /usr/bin/nm -B output from cc object
configure:12215: g++ -c -g -O2 -Wall -Wno-unused-function -Wno-deprecated -Wno-deprecated-declarations -std=c++11  conftest.cpp >&5
configure:12218: $? = 0
configure:12222: /usr/bin/nm -B conftest.o | sed -n -e 's/^.*[	 ]\([ABCDGIRSTW][ABCDGIRSTW]*\)[	 ][	 ]*\([_A-Za-z][_A-Za-z0-9]*\)$/\1 \2 \2/p' | sed '/ __gnu_lto/d' > conftest.nm
configure:12288: g++ -o conftest -g -O2 -Wall -Wno-unused-function -Wno-deprecated -Wno-deprecated-declarations -std=c++11   -lpthread -z now conftest.cpp conftstm.o >&5
configure:12291: $? = 0
configure:12329: result: ok
configure:12376: checking for sysroot
configure:12406: result: no
configure:12413: checking for a working dd
configure:12451: result: /usr/bin/dd
configure:12455: checking how to truncate binary pipes
configure:12470: result: /usr/bin/dd bs=4096 count=1
configure:12606: g++ -c -g -O2 -Wall -Wno-unused-function -Wno-deprecated -Wno-deprecated-declarations -std=c++11  conftest.cpp >&5
configure:12609: $? = 0
configure:12799: checking for mt
configure:12815: found /usr/bin/mt
configure:12826: result: mt
configure:12849: checking if mt is a manifest tool
configure:12855: mt '-?'
configure:12863: result: no
configure:13537: checking for dlfcn.h
configure:13537: g++ -c -g -O2 -Wall -Wno-unused-function -Wno-deprecated -Wno-deprecated-declarations -std=c++11  conftest.cpp >&5
configure:13537: $? = 0
configure:13537: result: yes
configure:13803: checking for objdir
configure:13818: result: .libs
configure:14082: checking if cc supports -fno-rtti -fno-exceptions
configure:14100: cc -c -Wall -pthread -g -O2  -fno-rtti -fno-exceptions conftest.c >&5
cc1: warning: command line option '-fno-rtti' is valid for C++/D/ObjC++ but not for C
configure:14104: $? = 0
configure:14117: result: no
configure:14481: checking for cc option to produce PIC
configure:14488: result: -fPIC -DPIC
configure:14496: checking if cc PIC flag -fPIC -DPIC works
configure:14514: cc -c -Wall -pthread -g -O2  -fPIC -DPIC -DPIC conftest.c >&5
configure:14518: $? = 0
configure:14531: result: yes
configure:14560: checking if cc static flag -static works
configure:14588: result: yes
configure:14603: checking if cc supports -c -o file.o
configure:14624: cc -c -Wall -pthread -g -O2  -o out/conftest2.o conftest.c >&5
configure:14628: $? = 0
configure:14650: result: yes
configure:14658: checking if cc supports -c -o file.o
configure:14705: result: yes
configure:14738: checking whether the cc linker (/usr/bin/ld -m elf_x86_64) supports shared libraries
configure:16001: result: yes
configure:16038: checking whether -lc should be explicitly linked in
configure:16046: cc -c -Wall -pthread -g -O2  conftest.c >&5
configure:16049: $? = 0
configure:16064: cc -shared  -fPIC -DPIC conftest.o  -v -Wl,-soname -Wl,conftest -o conftest 2\>\&1 \| /usr/bin/grep  -lc  \>/dev/null 2\>\&1
configure:16067: $? = 0
configure:16081: result: no
configure:16241: checking dynamic linker characteristics
configure:16822: cc -o conftest -Wall -pthread -g -O2   -lpthread -z now -Wl,-rpath -Wl,/foo conftest.c -lstdc++ -lpthread  >&5
configure:16822: $? = 0
configure:17071: result: GNU/Linux ld.so
configure:17193: checking how to hardcode library paths into programs
configure:17218: result: immediate
configure:17766: checking whether stripping libraries is possible
configure:17771: result: yes
configure:17806: checking if libtool supports shared libraries
configure:17808: result: yes
configure:17811: checking whether to build shared libraries
configure:17836: result: yes
configure:17839: checking whether to build static libraries
configure:17843: result: no
configure:14642: checking how to run the C++ preprocessor
configure:14708: result: g++ -E
configure:14728: g++ -E  conftest.cpp
configure:14728: $? = 0
configure:14742: g++ -E  conftest.cpp
conftest.cpp:54:10: fatal error: ac_nonexistent.h: No such file or directory
   54 | #include <ac_nonexistent.h>
      |          ^~~~~~~~~~~~~~~~~~
compilation terminated.
configure:14742: $? = 1
configure: failed program was:
| /* confdefs.h */
| #define PACKAGE_NAME ""
| #define PACKAGE_TARNAME ""
| #define PACKAGE_VERSION ""
| #define PACKAGE_STRING ""
| #define PACKAGE_BUGREPORT ""
| #define PACKAGE_URL ""
| #define HAVE_ACCEPT4 1
| #define HAVE_SIGNALFD 1
| #define HAVE_EVENTFD 1
| #define HAVE_EPOLL 1
| #define HAVE_POLL 1
| #define HAVE_SENDFILE 1
| #define HAVE_EXECINFO 1
| #define HAVE_DAEMON 1
| #define HAVE_MKOSTEMP 1
| #define HAVE_INOTIFY 1
| #define HAVE_MALLOC_TRIM 1
| #define HAVE_INOTIFY_INIT1 1
| #define HAVE_PTRACE 1
| #define HAVE_GETRANDOM 1
| #define HAVE_RWLOCK 1
| #define HAVE_SPINLOCK 1
| #define HAVE_MUTEX_TIMEDLOCK 1
| #define HAVE_PTHREAD_BARRIER 1
| #define HAVE_PTHREAD_MUTEXATTR_SETPSHARED 1
| #define HAVE_PTHREAD_MUTEXATTR_SETROBUST 1
| #define HAVE_PTHREAD_MUTEX_CONSISTENT 1
| #define HAVE_PCRE 1
| #define HAVE_CPU_AFFINITY 1
| #define HAVE_REUSEPORT 1
| #define HAVE_FUTEX 1
| #define HAVE_UCONTEXT 1
| #define HAVE_CMSGHDR 1
| #define HAVE_HSTRERROR 1
| #define HAVE_SOCKETPAIR 1
| #define HAVE_IF_NAMETOINDEX 1
| #define HAVE_IF_INDEXTONAME 1
| #define HAVE_NETDB_H 1
| #define HAVE_NETINET_TCP_H 1
| #define HAVE_SYS_UN_H 1
| #define HAVE_SOCKETS 1
| #define HAVE_SA_SS_FAMILY 1
| #define HAVE_AI_V4MAPPED 1
| #define HAVE_AI_ALL 1
| #define HAVE_AI_IDN 1
| #define HAVE_GETHOSTBYNAME2_R 1
| #define HAVE_CLOCK_GETTIME 1
| #define SW_USE_ASM_CONTEXT 1
| #define COMPILE_DL_SWOOLE 1
| #define HAVE_DLFCN_H 1
| #define LT_OBJDIR ".libs/"
| /* end confdefs.h.  */
| #include <ac_nonexistent.h>
configure:14904: checking for ld used by g++
configure:14971: result: /usr/bin/ld -m elf_x86_64
configure:14978: checking if the linker (/usr/bin/ld -m elf_x86_64) is GNU ld
configure:14993: result: yes
configure:15048: checking whether the g++ linker (/usr/bin/ld -m elf_x86_64) supports shared libraries
configure:16121: result: yes
configure:16157: g++ -c -g -O2 -Wall -Wno-unused-function -Wno-deprecated -Wno-deprecated-declarations -std=c++11  conftest.cpp >&5
configure:16160: $? = 0
configure:16641: checking for g++ option to produce PIC
configure:16648: result: -fPIC -DPIC
configure:16656: checking if g++ PIC flag -fPIC -DPIC works
configure:16674: g++ -c -g -O2 -Wall -Wno-unused-function -Wno-deprecated -Wno-deprecated-declarations -std=c++11  -fPIC -DPIC -DPIC conftest.cpp >&5
configure:16678: $? = 0
configure:16691: result: yes
configure:16714: checking if g++ static flag -static works
configure:16742: result: yes
configure:16754: checking if g++ supports -c -o file.o
configure:16775: g++ -c -g -O2 -Wall -Wno-unused-function -Wno-deprecated -Wno-deprecated-declarations -std=c++11  -o out/conftest2.o conftest.cpp >&5
configure:16779: $? = 0
configure:16801: result: yes
configure:16806: checking if g++ supports -c -o file.o
configure:16853: result: yes
configure:16883: checking whether the g++ linker (/usr/bin/ld -m elf_x86_64) supports shared libraries
configure:16926: result: yes
configure:17067: checking dynamic linker characteristics
configure:17824: result: GNU/Linux ld.so
configure:17889: checking how to hardcode library paths into programs
configure:17914: result: immediate
configure:17034: patching config.h.in
configure:17045: creating ./config.status

## ---------------------- ##
## Running config.status. ##
## ---------------------- ##

This file was extended by config.status, which was
generated by GNU Autoconf 2.69.  Invocation command line was

  CONFIG_FILES    = 
  CONFIG_HEADERS  = 
  CONFIG_LINKS    = 
  CONFIG_COMMANDS = 
  $ ./config.status 

on natanyel-X450CA

config.status:972: creating config.h
config.status:1076: executing libtool commands

## ---------------- ##
## Cache variables. ##
## ---------------- ##

ac_cv_build=x86_64-pc-linux-gnu
ac_cv_c_compiler_gnu=yes
ac_cv_cmsghdr=yes
ac_cv_cxx_compiler_gnu=yes
ac_cv_env_CCC_set=
ac_cv_env_CCC_value=
ac_cv_env_CC_set=
ac_cv_env_CC_value=
ac_cv_env_CFLAGS_set=
ac_cv_env_CFLAGS_value=
ac_cv_env_CPPFLAGS_set=
ac_cv_env_CPPFLAGS_value=
ac_cv_env_CPP_set=
ac_cv_env_CPP_value=
ac_cv_env_CXXCPP_set=
ac_cv_env_CXXCPP_value=
ac_cv_env_CXXFLAGS_set=
ac_cv_env_CXXFLAGS_value=
ac_cv_env_CXX_set=
ac_cv_env_CXX_value=
ac_cv_env_LDFLAGS_set=
ac_cv_env_LDFLAGS_value=
ac_cv_env_LIBS_set=
ac_cv_env_LIBS_value=
ac_cv_env_LT_SYS_LIBRARY_PATH_set=
ac_cv_env_LT_SYS_LIBRARY_PATH_value=
ac_cv_env_PKG_CONFIG_LIBDIR_set=
ac_cv_env_PKG_CONFIG_LIBDIR_value=
ac_cv_env_PKG_CONFIG_PATH_set=
ac_cv_env_PKG_CONFIG_PATH_value=
ac_cv_env_PKG_CONFIG_set=
ac_cv_env_PKG_CONFIG_value=
ac_cv_env_build_alias_set=
ac_cv_env_build_alias_value=
ac_cv_env_host_alias_set=
ac_cv_env_host_alias_value=
ac_cv_env_target_alias_set=
ac_cv_env_target_alias_value=
ac_cv_func_hstrerror=yes
ac_cv_func_if_indextoname=yes
ac_cv_func_if_nametoindex=yes
ac_cv_func_socketpair=yes
ac_cv_gai_ai_all=yes
ac_cv_gai_ai_idn=yes
ac_cv_gai_ai_v4mapped=yes
ac_cv_gethostbyname2_r=yes
ac_cv_header_dlfcn_h=yes
ac_cv_header_netdb_h=yes
ac_cv_header_netinet_tcp_h=yes
ac_cv_header_sys_sockio_h=no
ac_cv_header_sys_un_h=yes
ac_cv_host=x86_64-pc-linux-gnu
ac_cv_lib_brotlienc_BrotliEncoderCreateInstance=no
ac_cv_lib_c_CCRandomGenerateBytes=no
ac_cv_lib_c_accept4=yes
ac_cv_lib_c_arc4random=no
ac_cv_lib_c_backtrace=yes
ac_cv_lib_c_daemon=yes
ac_cv_lib_c_epoll_create=yes
ac_cv_lib_c_eventfd=yes
ac_cv_lib_c_getrandom=yes
ac_cv_lib_c_inotify_init1=yes
ac_cv_lib_c_inotify_init=yes
ac_cv_lib_c_kqueue=no
ac_cv_lib_c_malloc_trim=yes
ac_cv_lib_c_mkostemp=yes
ac_cv_lib_c_poll=yes
ac_cv_lib_c_ptrace=yes
ac_cv_lib_c_sendfile=yes
ac_cv_lib_c_signalfd=yes
ac_cv_lib_cares_ares_gethostbyname=no
ac_cv_lib_pcre_pcre_compile=yes
ac_cv_lib_pthread_pthread_barrier_init=yes
ac_cv_lib_pthread_pthread_mutex_consistent=yes
ac_cv_lib_pthread_pthread_mutex_timedlock=yes
ac_cv_lib_pthread_pthread_mutexattr_setpshared=yes
ac_cv_lib_pthread_pthread_mutexattr_setrobust=yes
ac_cv_lib_pthread_pthread_rwlock_init=yes
ac_cv_lib_pthread_pthread_spin_lock=yes
ac_cv_lib_rt_clock_gettime=yes
ac_cv_lib_z_gzgets=no
ac_cv_objext=o
ac_cv_path_EGREP='/usr/bin/grep -E'
ac_cv_path_FGREP='/usr/bin/grep -F'
ac_cv_path_GREP=/usr/bin/grep
ac_cv_path_SED=/usr/bin/sed
ac_cv_path_ac_pt_PKG_CONFIG=/usr/bin/pkg-config
ac_cv_path_lt_DD=/usr/bin/dd
ac_cv_prog_AWK=gawk
ac_cv_prog_CPP='cc -E'
ac_cv_prog_CXXCPP='g++ -E'
ac_cv_prog_ac_ct_AR=ar
ac_cv_prog_ac_ct_CC=cc
ac_cv_prog_ac_ct_CXX=g++
ac_cv_prog_ac_ct_MANIFEST_TOOL=mt
ac_cv_prog_ac_ct_OBJDUMP=objdump
ac_cv_prog_ac_ct_RANLIB=ranlib
ac_cv_prog_ac_ct_STRIP=strip
ac_cv_prog_cc_c89=
ac_cv_prog_cc_c99=
ac_cv_prog_cc_g=yes
ac_cv_prog_cxx_g=yes
ac_cv_ss_family=yes
ac_cv_target=x86_64-pc-linux-gnu
lt_cv_ar_at_file=@
lt_cv_archive_cmds_need_lc=no
lt_cv_deplibs_check_method=pass_all
lt_cv_file_magic_cmd='$MAGIC_CMD'
lt_cv_file_magic_test_file=
lt_cv_ld_reload_flag=-r
lt_cv_nm_interface='BSD nm'
lt_cv_objdir=.libs
lt_cv_path_LD=/usr/bin/ld
lt_cv_path_LDCXX='/usr/bin/ld -m elf_x86_64'
lt_cv_path_NM='/usr/bin/nm -B'
lt_cv_path_mainfest_tool=no
lt_cv_prog_compiler_c_o=yes
lt_cv_prog_compiler_c_o_CXX=yes
lt_cv_prog_compiler_pic='-fPIC -DPIC'
lt_cv_prog_compiler_pic_CXX='-fPIC -DPIC'
lt_cv_prog_compiler_pic_works=yes
lt_cv_prog_compiler_pic_works_CXX=yes
lt_cv_prog_compiler_rtti_exceptions=no
lt_cv_prog_compiler_static_works=yes
lt_cv_prog_compiler_static_works_CXX=yes
lt_cv_prog_gnu_ld=yes
lt_cv_prog_gnu_ldcxx=yes
lt_cv_sharedlib_from_linklib_cmd='printf %s\n'
lt_cv_shlibpath_overrides_runpath=yes
lt_cv_sys_global_symbol_pipe='sed -n -e '\''s/^.*[	 ]\([ABCDGIRSTW][ABCDGIRSTW]*\)[	 ][	 ]*\([_A-Za-z][_A-Za-z0-9]*\)$/\1 \2 \2/p'\'' | sed '\''/ __gnu_lto/d'\'''
lt_cv_sys_global_symbol_to_c_name_address='sed -n -e '\''s/^: \(.*\) .*$/  {"\1", (void *) 0},/p'\'' -e '\''s/^[ABCDGIRSTW][ABCDGIRSTW]* .* \(.*\)$/  {"\1", (void *) \&\1},/p'\'''
lt_cv_sys_global_symbol_to_c_name_address_lib_prefix='sed -n -e '\''s/^: \(.*\) .*$/  {"\1", (void *) 0},/p'\'' -e '\''s/^[ABCDGIRSTW][ABCDGIRSTW]* .* \(lib.*\)$/  {"\1", (void *) \&\1},/p'\'' -e '\''s/^[ABCDGIRSTW][ABCDGIRSTW]* .* \(.*\)$/  {"lib\1", (void *) \&\1},/p'\'''
lt_cv_sys_global_symbol_to_cdecl='sed -n -e '\''s/^T .* \(.*\)$/extern int \1();/p'\'' -e '\''s/^[ABCDGIRSTW][ABCDGIRSTW]* .* \(.*\)$/extern char \1;/p'\'''
lt_cv_sys_global_symbol_to_import=
lt_cv_sys_max_cmd_len=1572864
lt_cv_to_host_file_cmd=func_convert_file_noop
lt_cv_to_tool_file_cmd=func_convert_file_noop
lt_cv_truncate_bin='/usr/bin/dd bs=4096 count=1'
php_cv_cc_dashr=no
php_cv_cc_rpath=yes

## ----------------- ##
## Output variables. ##
## ----------------- ##

AR='ar'
AWK='gawk'
CC='cc'
CFLAGS='-Wall -pthread -g -O2'
CONFIGURE_COMMAND=' '\''./configure'\'' '
CONFIGURE_OPTIONS=''
CPP='cc -E'
CPPFLAGS=' -DHAVE_CONFIG_H'
CXX='g++'
CXXCPP='g++ -E'
CXXFLAGS='-g -O2 -Wall -Wno-unused-function -Wno-deprecated -Wno-deprecated-declarations -std=c++11'
DEFS='-DHAVE_CONFIG_H'
DLLTOOL='false'
DSYMUTIL=''
DUMPBIN=''
ECHO_C=''
ECHO_N='-n'
ECHO_T=''
EGREP='/usr/bin/grep -E'
EXEEXT=''
FGREP='/usr/bin/grep -F'
GREP='/usr/bin/grep'
LD='/usr/bin/ld -m elf_x86_64'
LDFLAGS=' -lpthread -z now'
LIBOBJS=''
LIBS='-lstdc++ -lpthread '
LIBTOOL='$(SHELL) $(top_builddir)/libtool'
LIPO=''
LN_S='ln -s'
LTLIBOBJS=''
LT_SYS_LIBRARY_PATH=''
MANIFEST_TOOL=':'
NM='/usr/bin/nm -B'
NMEDIT=''
OBJDUMP='objdump'
OBJEXT='o'
OTOOL64=''
OTOOL=''
PACKAGE_BUGREPORT=''
PACKAGE_NAME=''
PACKAGE_STRING=''
PACKAGE_TARNAME=''
PACKAGE_URL=''
PACKAGE_VERSION=''
PATH_SEPARATOR=':'
PKG_CONFIG='/usr/bin/pkg-config'
PKG_CONFIG_LIBDIR=''
PKG_CONFIG_PATH=''
RANLIB='ranlib'
SED='/usr/bin/sed'
SHELL='/bin/bash'
SHLIB_DL_SUFFIX_NAME='so'
SHLIB_SUFFIX_NAME='so'
STRIP='strip'
ac_ct_AR='ar'
ac_ct_CC='cc'
ac_ct_CXX='g++'
ac_ct_DUMPBIN=''
bindir='${exec_prefix}/bin'
build='x86_64-pc-linux-gnu'
build_alias=''
build_cpu='x86_64'
build_os='linux-gnu'
build_vendor='pc'
datadir='${datarootdir}'
datarootdir='${prefix}/share'
docdir='${datarootdir}/doc/${PACKAGE}'
dvidir='${docdir}'
exec_prefix='$(prefix)'
host='x86_64-pc-linux-gnu'
host_alias='x86_64-pc-linux-gnu'
host_cpu='x86_64'
host_os='linux-gnu'
host_vendor='pc'
htmldir='${docdir}'
includedir='${prefix}/include'
infodir='${datarootdir}/info'
libdir='${exec_prefix}/lib'
libexecdir='${exec_prefix}/libexec'
localedir='${datarootdir}/locale'
localstatedir='${prefix}/var'
mandir='${datarootdir}/man'
oldincludedir='/usr/include'
pdfdir='${docdir}'
prefix='/usr'
program_transform_name='s,x,x,'
psdir='${docdir}'
runstatedir='${localstatedir}/run'
sbindir='${exec_prefix}/sbin'
sharedstatedir='${prefix}/com'
sysconfdir='${prefix}/etc'
target='x86_64-pc-linux-gnu'
target_alias=''
target_cpu='x86_64'
target_os='linux-gnu'
target_vendor='pc'

## ----------- ##
## confdefs.h. ##
## ----------- ##

/* confdefs.h */
#define PACKAGE_NAME ""
#define PACKAGE_TARNAME ""
#define PACKAGE_VERSION ""
#define PACKAGE_STRING ""
#define PACKAGE_BUGREPORT ""
#define PACKAGE_URL ""
#define HAVE_ACCEPT4 1
#define HAVE_SIGNALFD 1
#define HAVE_EVENTFD 1
#define HAVE_EPOLL 1
#define HAVE_POLL 1
#define HAVE_SENDFILE 1
#define HAVE_EXECINFO 1
#define HAVE_DAEMON 1
#define HAVE_MKOSTEMP 1
#define HAVE_INOTIFY 1
#define HAVE_MALLOC_TRIM 1
#define HAVE_INOTIFY_INIT1 1
#define HAVE_PTRACE 1
#define HAVE_GETRANDOM 1
#define HAVE_RWLOCK 1
#define HAVE_SPINLOCK 1
#define HAVE_MUTEX_TIMEDLOCK 1
#define HAVE_PTHREAD_BARRIER 1
#define HAVE_PTHREAD_MUTEXATTR_SETPSHARED 1
#define HAVE_PTHREAD_MUTEXATTR_SETROBUST 1
#define HAVE_PTHREAD_MUTEX_CONSISTENT 1
#define HAVE_PCRE 1
#define HAVE_CPU_AFFINITY 1
#define HAVE_REUSEPORT 1
#define HAVE_FUTEX 1
#define HAVE_UCONTEXT 1
#define HAVE_CMSGHDR 1
#define HAVE_HSTRERROR 1
#define HAVE_SOCKETPAIR 1
#define HAVE_IF_NAMETOINDEX 1
#define HAVE_IF_INDEXTONAME 1
#define HAVE_NETDB_H 1
#define HAVE_NETINET_TCP_H 1
#define HAVE_SYS_UN_H 1
#define HAVE_SOCKETS 1
#define HAVE_SA_SS_FAMILY 1
#define HAVE_AI_V4MAPPED 1
#define HAVE_AI_ALL 1
#define HAVE_AI_IDN 1
#define HAVE_GETHOSTBYNAME2_R 1
#define HAVE_CLOCK_GETTIME 1
#define SW_USE_ASM_CONTEXT 1
#define COMPILE_DL_SWOOLE 1
#define HAVE_DLFCN_H 1
#define LT_OBJDIR ".libs/"

configure: exit 0
